<!DOCTYPE html>
<html>
<head>
    <title>Unittest Results</title>
    <meta charset="utf-8">
    <meta name="viewport" content="width=device-width, initial-scale=1.0">
    <link rel="stylesheet" href="https://maxcdn.bootstrapcdn.com/bootstrap/3.3.6/css/bootstrap.min.css" integrity="sha384-1q8mTJOASx8j1Au+a5WDVnPi2lkFfwwEAa8hDDdjZlpLegxhjVME1fgjWPGmkzs7" crossorigin="anonymous">
</head>
<body>
    <div class="container">
        <div class="row">
            <div class="col-xs-12">
                <h2 class="text-capitalize">Unittest Results</h2>
                <p class='attribute'><strong>Start Time: </strong>2024-04-08 10:41:17</p>
                <p class='attribute'><strong>Duration: </strong>13.10 s</p>
                <p class='attribute'><strong>Summary: </strong>Total: 1, Pass: 0, Error: 1</p>
            </div>
        </div>
        <div class="row">
            <div class="col-xs-12 col-sm-10 col-md-10">
                <table class='table table-hover table-responsive'>
                    <thead>
                        <tr>
                            <th>__main__.LoginTest</th>
                            <th>Status</th>
                            <th></th>
                        </tr>
                    </thead>
                    <tbody>
                        <tr class='warning'>
                            <td class="col-xs-10">test_login_valid</td>
                            <td class="col-xs-1">
                                <span class="label label-warning" style="display:block;width:40px;">Error</span>
                            </td>
                            <td class="col-xs-1">
                                <button class="btn btn-default btn-xs">View</button>
                            </td>
                        </tr>
                        <tr style="display:none;">
                            <td class="col-xs-9" colspan="3"><p style="color:maroon;">NoSuchElementException: Message: no such element: Unable to locate element: {"method":"link text","selector":"Logout"}
  (Session info: chrome=123.0.6312.106); For documentation on this error, please visit: https://www.selenium.dev/documentation/webdriver/troubleshooting/errors#no-such-element-exception
Stacktrace:
	GetHandleVerifier [0x00007FF70FFB7072+63090]
	(No symbol) [0x00007FF70FF22CC2]
	(No symbol) [0x00007FF70FDBEC65]
	(No symbol) [0x00007FF70FE0499D]
	(No symbol) [0x00007FF70FE04ADC]
	(No symbol) [0x00007FF70FE45B37]
	(No symbol) [0x00007FF70FE2701F]
	(No symbol) [0x00007FF70FE43412]
	(No symbol) [0x00007FF70FE26D83]
	(No symbol) [0x00007FF70FDF83A8]
	(No symbol) [0x00007FF70FDF9441]
	GetHandleVerifier [0x00007FF7103B25CD+4238285]
	GetHandleVerifier [0x00007FF7103EF72D+4488493]
	GetHandleVerifier [0x00007FF7103E7A0F+4456463]
	GetHandleVerifier [0x00007FF7100905B6+953270]
	(No symbol) [0x00007FF70FF2E58F]
	(No symbol) [0x00007FF70FF29264]
	(No symbol) [0x00007FF70FF2939B]
	(No symbol) [0x00007FF70FF19BD4]
	BaseThreadInitThunk [0x00007FFF730C7344+20]
	RtlUserThreadStart [0x00007FFF735026B1+33]
</p><p style="color:maroon;">Traceback (most recent call last):
  File "C:\Users\vlab\PycharmProjects\POM_Sample_Project\Tests\Login_Test.py", line 35, in test_login_valid
    self.home.click_logout()
  File "C:\Users\vlab\PycharmProjects\POM_Sample_Project\Pages\HomePage.py", line 17, in click_logout
    self.driver.find_element(By.LINK_TEXT,self.logout_linkText).click()
    ^^^^^^^^^^^^^^^^^^^^^^^^^^^^^^^^^^^^^^^^^^^^^^^^^^^^^^^^^^^
  File "C:\Users\vlab\PycharmProjects\POM_Sample_Project\.venv\Lib\site-packages\selenium\webdriver\remote\webdriver.py", line 741, in find_element
    return self.execute(Command.FIND_ELEMENT, {"using": by, "value": value})["value"]
           ^^^^^^^^^^^^^^^^^^^^^^^^^^^^^^^^^^^^^^^^^^^^^^^^^^^^^^^^^^^^^^^^^
  File "C:\Users\vlab\PycharmProjects\POM_Sample_Project\.venv\Lib\site-packages\selenium\webdriver\remote\webdriver.py", line 347, in execute
    self.error_handler.check_response(response)
  File "C:\Users\vlab\PycharmProjects\POM_Sample_Project\.venv\Lib\site-packages\selenium\webdriver\remote\errorhandler.py", line 229, in check_response
    raise exception_class(message, screen, stacktrace)
selenium.common.exceptions.NoSuchElementException: Message: no such element: Unable to locate element: {"method":"link text","selector":"Logout"}
  (Session info: chrome=123.0.6312.106); For documentation on this error, please visit: https://www.selenium.dev/documentation/webdriver/troubleshooting/errors#no-such-element-exception
Stacktrace:
	GetHandleVerifier [0x00007FF70FFB7072+63090]
	(No symbol) [0x00007FF70FF22CC2]
	(No symbol) [0x00007FF70FDBEC65]
	(No symbol) [0x00007FF70FE0499D]
	(No symbol) [0x00007FF70FE04ADC]
	(No symbol) [0x00007FF70FE45B37]
	(No symbol) [0x00007FF70FE2701F]
	(No symbol) [0x00007FF70FE43412]
	(No symbol) [0x00007FF70FE26D83]
	(No symbol) [0x00007FF70FDF83A8]
	(No symbol) [0x00007FF70FDF9441]
	GetHandleVerifier [0x00007FF7103B25CD+4238285]
	GetHandleVerifier [0x00007FF7103EF72D+4488493]
	GetHandleVerifier [0x00007FF7103E7A0F+4456463]
	GetHandleVerifier [0x00007FF7100905B6+953270]
	(No symbol) [0x00007FF70FF2E58F]
	(No symbol) [0x00007FF70FF29264]
	(No symbol) [0x00007FF70FF2939B]
	(No symbol) [0x00007FF70FF19BD4]
	BaseThreadInitThunk [0x00007FFF730C7344+20]
	RtlUserThreadStart [0x00007FFF735026B1+33]

</p>
                            </td>
                        </tr>
                        <tr>
                            <td colspan="3">
                                Total: 1, Pass: 0, Error: 1 -- Duration: 13.10 s
                            </td>
                        </tr>
                    </tbody>
                </table>
            </div>
        </div>
    </div>
    <script src="https://ajax.googleapis.com/ajax/libs/jquery/2.2.4/jquery.min.js"></script>
    <script type="text/javascript">
        $(document).ready(function(){
            $('td').on('click', '.btn', function(e){
                e.preventDefault();
                e.stopImmediatePropagation();
                var $this = $(this);
                var $nextRow = $this.closest('tr').next('tr');
                $nextRow.slideToggle("fast");
                $this.text(function(i, text){
                    if (text === 'View') {
                        return 'Hide';
                    } else {
                        return 'View';
                    };
                });
            });
        });
    </script>
</body>
</html